

[GLOBAL ERROR] at 2026-03-14 15:03:40.755712:
Traceback (most recent call last):
  File "/Users/ritesh/Documents/R.A.A.H-Hackathon-/backend/venv311/lib/python3.11/site-packages/redis/connection.py", line 357, in connect
    sock = self.retry.call_with_retry(
           ^^^^^^^^^^^^^^^^^^^^^^^^^^^
  File "/Users/ritesh/Documents/R.A.A.H-Hackathon-/backend/venv311/lib/python3.11/site-packages/redis/retry.py", line 62, in call_with_retry
    return do()
           ^^^^
  File "/Users/ritesh/Documents/R.A.A.H-Hackathon-/backend/venv311/lib/python3.11/site-packages/redis/connection.py", line 358, in <lambda>
    lambda: self._connect(), lambda error: self.disconnect(error)
            ^^^^^^^^^^^^^^^
  File "/Users/ritesh/Documents/R.A.A.H-Hackathon-/backend/venv311/lib/python3.11/site-packages/redis/connection.py", line 730, in _connect
    raise err
  File "/Users/ritesh/Documents/R.A.A.H-Hackathon-/backend/venv311/lib/python3.11/site-packages/redis/connection.py", line 718, in _connect
    sock.connect(socket_address)
ConnectionRefusedError: [Errno 61] Connection refused

During handling of the above exception, another exception occurred:

Traceback (most recent call last):
  File "/Users/ritesh/Documents/R.A.A.H-Hackathon-/backend/venv311/lib/python3.11/site-packages/celery/backends/redis.py", line 127, in reconnect_on_error
    yield
  File "/Users/ritesh/Documents/R.A.A.H-Hackathon-/backend/venv311/lib/python3.11/site-packages/celery/backends/redis.py", line 177, in _consume_from
    self._pubsub.subscribe(key)
  File "/Users/ritesh/Documents/R.A.A.H-Hackathon-/backend/venv311/lib/python3.11/site-packages/redis/client.py", line 957, in subscribe
    ret_val = self.execute_command("SUBSCRIBE", *new_channels.keys())
              ^^^^^^^^^^^^^^^^^^^^^^^^^^^^^^^^^^^^^^^^^^^^^^^^^^^^^^^
  File "/Users/ritesh/Documents/R.A.A.H-Hackathon-/backend/venv311/lib/python3.11/site-packages/redis/client.py", line 786, in execute_command
    self.connection = self.connection_pool.get_connection(
                      ^^^^^^^^^^^^^^^^^^^^^^^^^^^^^^^^^^^^
  File "/Users/ritesh/Documents/R.A.A.H-Hackathon-/backend/venv311/lib/python3.11/site-packages/redis/connection.py", line 1422, in get_connection
    connection.connect()
  File "/Users/ritesh/Documents/R.A.A.H-Hackathon-/backend/venv311/lib/python3.11/site-packages/redis/connection.py", line 363, in connect
    raise ConnectionError(self._error_message(e))
redis.exceptions.ConnectionError: Error 61 connecting to localhost:6379. Connection refused.

During handling of the above exception, another exception occurred:

Traceback (most recent call last):
  File "/Users/ritesh/Documents/R.A.A.H-Hackathon-/backend/venv311/lib/python3.11/site-packages/redis/connection.py", line 357, in connect
    sock = self.retry.call_with_retry(
           ^^^^^^^^^^^^^^^^^^^^^^^^^^^
  File "/Users/ritesh/Documents/R.A.A.H-Hackathon-/backend/venv311/lib/python3.11/site-packages/redis/retry.py", line 62, in call_with_retry
    return do()
           ^^^^
  File "/Users/ritesh/Documents/R.A.A.H-Hackathon-/backend/venv311/lib/python3.11/site-packages/redis/connection.py", line 358, in <lambda>
    lambda: self._connect(), lambda error: self.disconnect(error)
            ^^^^^^^^^^^^^^^
  File "/Users/ritesh/Documents/R.A.A.H-Hackathon-/backend/venv311/lib/python3.11/site-packages/redis/connection.py", line 730, in _connect
    raise err
  File "/Users/ritesh/Documents/R.A.A.H-Hackathon-/backend/venv311/lib/python3.11/site-packages/redis/connection.py", line 718, in _connect
    sock.connect(socket_address)
ConnectionRefusedError: [Errno 61] Connection refused

During handling of the above exception, another exception occurred:

Traceback (most recent call last):
  File "/Users/ritesh/Documents/R.A.A.H-Hackathon-/backend/venv311/lib/python3.11/site-packages/kombu/connection.py", line 474, in _reraise_as_library_errors
    yield
  File "/Users/ritesh/Documents/R.A.A.H-Hackathon-/backend/venv311/lib/python3.11/site-packages/celery/app/base.py", line 800, in send_task
    self.backend.on_task_call(P, task_id)
  File "/Users/ritesh/Documents/R.A.A.H-Hackathon-/backend/venv311/lib/python3.11/site-packages/celery/backends/redis.py", line 373, in on_task_call
    self.result_consumer.consume_from(task_id)
  File "/Users/ritesh/Documents/R.A.A.H-Hackathon-/backend/venv311/lib/python3.11/site-packages/celery/backends/redis.py", line 169, in consume_from
    return self.start(task_id)
           ^^^^^^^^^^^^^^^^^^^
  File "/Users/ritesh/Documents/R.A.A.H-Hackathon-/backend/venv311/lib/python3.11/site-packages/celery/backends/redis.py", line 147, in start
    self._consume_from(initial_task_id)
  File "/Users/ritesh/Documents/R.A.A.H-Hackathon-/backend/venv311/lib/python3.11/site-packages/celery/backends/redis.py", line 176, in _consume_from
    with self.reconnect_on_error():
  File "/opt/homebrew/Cellar/python@3.11/3.11.15/Frameworks/Python.framework/Versions/3.11/lib/python3.11/contextlib.py", line 158, in __exit__
    self.gen.throw(typ, value, traceback)
  File "/Users/ritesh/Documents/R.A.A.H-Hackathon-/backend/venv311/lib/python3.11/site-packages/celery/backends/redis.py", line 130, in reconnect_on_error
    self._ensure(self._reconnect_pubsub, ())
  File "/Users/ritesh/Documents/R.A.A.H-Hackathon-/backend/venv311/lib/python3.11/site-packages/celery/backends/redis.py", line 384, in ensure
    return retry_over_time(
           ^^^^^^^^^^^^^^^^
  File "/Users/ritesh/Documents/R.A.A.H-Hackathon-/backend/venv311/lib/python3.11/site-packages/kombu/utils/functional.py", line 318, in retry_over_time
    return fun(*args, **kwargs)
           ^^^^^^^^^^^^^^^^^^^^
  File "/Users/ritesh/Documents/R.A.A.H-Hackathon-/backend/venv311/lib/python3.11/site-packages/celery/backends/redis.py", line 106, in _reconnect_pubsub
    metas = self.backend.client.mget(self.subscribed_to)
            ^^^^^^^^^^^^^^^^^^^^^^^^^^^^^^^^^^^^^^^^^^^^
  File "/Users/ritesh/Documents/R.A.A.H-Hackathon-/backend/venv311/lib/python3.11/site-packages/redis/commands/core.py", line 2009, in mget
    return self.execute_command("MGET", *args, **options)
           ^^^^^^^^^^^^^^^^^^^^^^^^^^^^^^^^^^^^^^^^^^^^^^
  File "/Users/ritesh/Documents/R.A.A.H-Hackathon-/backend/venv311/lib/python3.11/site-packages/redis/client.py", line 559, in execute_command
    return self._execute_command(*args, **options)
           ^^^^^^^^^^^^^^^^^^^^^^^^^^^^^^^^^^^^^^^
  File "/Users/ritesh/Documents/R.A.A.H-Hackathon-/backend/venv311/lib/python3.11/site-packages/redis/client.py", line 565, in _execute_command
    conn = self.connection or pool.get_connection(command_name, **options)
                              ^^^^^^^^^^^^^^^^^^^^^^^^^^^^^^^^^^^^^^^^^^^^
  File "/Users/ritesh/Documents/R.A.A.H-Hackathon-/backend/venv311/lib/python3.11/site-packages/redis/connection.py", line 1422, in get_connection
    connection.connect()
  File "/Users/ritesh/Documents/R.A.A.H-Hackathon-/backend/venv311/lib/python3.11/site-packages/redis/connection.py", line 363, in connect
    raise ConnectionError(self._error_message(e))
redis.exceptions.ConnectionError: Error 61 connecting to localhost:6379. Connection refused.

The above exception was the direct cause of the following exception:

Traceback (most recent call last):
  File "/Users/ritesh/Documents/R.A.A.H-Hackathon-/backend/venv311/lib/python3.11/site-packages/starlette/middleware/errors.py", line 165, in __call__
    await self.app(scope, receive, _send)
  File "/Users/ritesh/Documents/R.A.A.H-Hackathon-/backend/venv311/lib/python3.11/site-packages/starlette/middleware/cors.py", line 85, in __call__
    await self.app(scope, receive, send)
  File "/Users/ritesh/Documents/R.A.A.H-Hackathon-/backend/venv311/lib/python3.11/site-packages/starlette/middleware/exceptions.py", line 62, in __call__
    await wrap_app_handling_exceptions(self.app, conn)(scope, receive, send)
  File "/Users/ritesh/Documents/R.A.A.H-Hackathon-/backend/venv311/lib/python3.11/site-packages/starlette/_exception_handler.py", line 53, in wrapped_app
    raise exc
  File "/Users/ritesh/Documents/R.A.A.H-Hackathon-/backend/venv311/lib/python3.11/site-packages/starlette/_exception_handler.py", line 42, in wrapped_app
    await app(scope, receive, sender)
  File "/Users/ritesh/Documents/R.A.A.H-Hackathon-/backend/venv311/lib/python3.11/site-packages/starlette/routing.py", line 715, in __call__
    await self.middleware_stack(scope, receive, send)
  File "/Users/ritesh/Documents/R.A.A.H-Hackathon-/backend/venv311/lib/python3.11/site-packages/starlette/routing.py", line 735, in app
    await route.handle(scope, receive, send)
  File "/Users/ritesh/Documents/R.A.A.H-Hackathon-/backend/venv311/lib/python3.11/site-packages/starlette/routing.py", line 288, in handle
    await self.app(scope, receive, send)
  File "/Users/ritesh/Documents/R.A.A.H-Hackathon-/backend/venv311/lib/python3.11/site-packages/starlette/routing.py", line 76, in app
    await wrap_app_handling_exceptions(app, request)(scope, receive, send)
  File "/Users/ritesh/Documents/R.A.A.H-Hackathon-/backend/venv311/lib/python3.11/site-packages/starlette/_exception_handler.py", line 53, in wrapped_app
    raise exc
  File "/Users/ritesh/Documents/R.A.A.H-Hackathon-/backend/venv311/lib/python3.11/site-packages/starlette/_exception_handler.py", line 42, in wrapped_app
    await app(scope, receive, sender)
  File "/Users/ritesh/Documents/R.A.A.H-Hackathon-/backend/venv311/lib/python3.11/site-packages/starlette/routing.py", line 73, in app
    response = await f(request)
               ^^^^^^^^^^^^^^^^
  File "/Users/ritesh/Documents/R.A.A.H-Hackathon-/backend/venv311/lib/python3.11/site-packages/fastapi/routing.py", line 301, in app
    raw_response = await run_endpoint_function(
                   ^^^^^^^^^^^^^^^^^^^^^^^^^^^^
  File "/Users/ritesh/Documents/R.A.A.H-Hackathon-/backend/venv311/lib/python3.11/site-packages/fastapi/routing.py", line 212, in run_endpoint_function
    return await dependant.call(**values)
           ^^^^^^^^^^^^^^^^^^^^^^^^^^^^^^
  File "/Users/ritesh/Documents/R.A.A.H-Hackathon-/backend/citizen_service/router.py", line 289, in trigger_mapillary_scan
    task = scan_mapillary_area.delay(latitude, longitude, radius, user_id)
           ^^^^^^^^^^^^^^^^^^^^^^^^^^^^^^^^^^^^^^^^^^^^^^^^^^^^^^^^^^^^^^^
  File "/Users/ritesh/Documents/R.A.A.H-Hackathon-/backend/venv311/lib/python3.11/site-packages/celery/app/task.py", line 444, in delay
    return self.apply_async(args, kwargs)
           ^^^^^^^^^^^^^^^^^^^^^^^^^^^^^^
  File "/Users/ritesh/Documents/R.A.A.H-Hackathon-/backend/venv311/lib/python3.11/site-packages/celery/app/task.py", line 594, in apply_async
    return app.send_task(
           ^^^^^^^^^^^^^^
  File "/Users/ritesh/Documents/R.A.A.H-Hackathon-/backend/venv311/lib/python3.11/site-packages/celery/app/base.py", line 798, in send_task
    with P.connection._reraise_as_library_errors():
  File "/opt/homebrew/Cellar/python@3.11/3.11.15/Frameworks/Python.framework/Versions/3.11/lib/python3.11/contextlib.py", line 158, in __exit__
    self.gen.throw(typ, value, traceback)
  File "/Users/ritesh/Documents/R.A.A.H-Hackathon-/backend/venv311/lib/python3.11/site-packages/kombu/connection.py", line 478, in _reraise_as_library_errors
    raise ConnectionError(str(exc)) from exc
kombu.exceptions.OperationalError: Error 61 connecting to localhost:6379. Connection refused.


[GLOBAL ERROR] at 2026-03-14 15:03:59.861400:
Traceback (most recent call last):
  File "/Users/ritesh/Documents/R.A.A.H-Hackathon-/backend/venv311/lib/python3.11/site-packages/redis/connection.py", line 357, in connect
    sock = self.retry.call_with_retry(
           ^^^^^^^^^^^^^^^^^^^^^^^^^^^
  File "/Users/ritesh/Documents/R.A.A.H-Hackathon-/backend/venv311/lib/python3.11/site-packages/redis/retry.py", line 62, in call_with_retry
    return do()
           ^^^^
  File "/Users/ritesh/Documents/R.A.A.H-Hackathon-/backend/venv311/lib/python3.11/site-packages/redis/connection.py", line 358, in <lambda>
    lambda: self._connect(), lambda error: self.disconnect(error)
            ^^^^^^^^^^^^^^^
  File "/Users/ritesh/Documents/R.A.A.H-Hackathon-/backend/venv311/lib/python3.11/site-packages/redis/connection.py", line 730, in _connect
    raise err
  File "/Users/ritesh/Documents/R.A.A.H-Hackathon-/backend/venv311/lib/python3.11/site-packages/redis/connection.py", line 718, in _connect
    sock.connect(socket_address)
ConnectionRefusedError: [Errno 61] Connection refused

During handling of the above exception, another exception occurred:

Traceback (most recent call last):
  File "/Users/ritesh/Documents/R.A.A.H-Hackathon-/backend/venv311/lib/python3.11/site-packages/celery/backends/redis.py", line 127, in reconnect_on_error
    yield
  File "/Users/ritesh/Documents/R.A.A.H-Hackathon-/backend/venv311/lib/python3.11/site-packages/celery/backends/redis.py", line 177, in _consume_from
    self._pubsub.subscribe(key)
  File "/Users/ritesh/Documents/R.A.A.H-Hackathon-/backend/venv311/lib/python3.11/site-packages/redis/client.py", line 957, in subscribe
    ret_val = self.execute_command("SUBSCRIBE", *new_channels.keys())
              ^^^^^^^^^^^^^^^^^^^^^^^^^^^^^^^^^^^^^^^^^^^^^^^^^^^^^^^
  File "/Users/ritesh/Documents/R.A.A.H-Hackathon-/backend/venv311/lib/python3.11/site-packages/redis/client.py", line 786, in execute_command
    self.connection = self.connection_pool.get_connection(
                      ^^^^^^^^^^^^^^^^^^^^^^^^^^^^^^^^^^^^
  File "/Users/ritesh/Documents/R.A.A.H-Hackathon-/backend/venv311/lib/python3.11/site-packages/redis/connection.py", line 1422, in get_connection
    connection.connect()
  File "/Users/ritesh/Documents/R.A.A.H-Hackathon-/backend/venv311/lib/python3.11/site-packages/redis/connection.py", line 363, in connect
    raise ConnectionError(self._error_message(e))
redis.exceptions.ConnectionError: Error 61 connecting to localhost:6379. Connection refused.

During handling of the above exception, another exception occurred:

Traceback (most recent call last):
  File "/Users/ritesh/Documents/R.A.A.H-Hackathon-/backend/venv311/lib/python3.11/site-packages/redis/connection.py", line 357, in connect
    sock = self.retry.call_with_retry(
           ^^^^^^^^^^^^^^^^^^^^^^^^^^^
  File "/Users/ritesh/Documents/R.A.A.H-Hackathon-/backend/venv311/lib/python3.11/site-packages/redis/retry.py", line 62, in call_with_retry
    return do()
           ^^^^
  File "/Users/ritesh/Documents/R.A.A.H-Hackathon-/backend/venv311/lib/python3.11/site-packages/redis/connection.py", line 358, in <lambda>
    lambda: self._connect(), lambda error: self.disconnect(error)
            ^^^^^^^^^^^^^^^
  File "/Users/ritesh/Documents/R.A.A.H-Hackathon-/backend/venv311/lib/python3.11/site-packages/redis/connection.py", line 730, in _connect
    raise err
  File "/Users/ritesh/Documents/R.A.A.H-Hackathon-/backend/venv311/lib/python3.11/site-packages/redis/connection.py", line 718, in _connect
    sock.connect(socket_address)
ConnectionRefusedError: [Errno 61] Connection refused

During handling of the above exception, another exception occurred:

Traceback (most recent call last):
  File "/Users/ritesh/Documents/R.A.A.H-Hackathon-/backend/venv311/lib/python3.11/site-packages/kombu/connection.py", line 474, in _reraise_as_library_errors
    yield
  File "/Users/ritesh/Documents/R.A.A.H-Hackathon-/backend/venv311/lib/python3.11/site-packages/celery/app/base.py", line 800, in send_task
    self.backend.on_task_call(P, task_id)
  File "/Users/ritesh/Documents/R.A.A.H-Hackathon-/backend/venv311/lib/python3.11/site-packages/celery/backends/redis.py", line 373, in on_task_call
    self.result_consumer.consume_from(task_id)
  File "/Users/ritesh/Documents/R.A.A.H-Hackathon-/backend/venv311/lib/python3.11/site-packages/celery/backends/redis.py", line 169, in consume_from
    return self.start(task_id)
           ^^^^^^^^^^^^^^^^^^^
  File "/Users/ritesh/Documents/R.A.A.H-Hackathon-/backend/venv311/lib/python3.11/site-packages/celery/backends/redis.py", line 147, in start
    self._consume_from(initial_task_id)
  File "/Users/ritesh/Documents/R.A.A.H-Hackathon-/backend/venv311/lib/python3.11/site-packages/celery/backends/redis.py", line 176, in _consume_from
    with self.reconnect_on_error():
  File "/opt/homebrew/Cellar/python@3.11/3.11.15/Frameworks/Python.framework/Versions/3.11/lib/python3.11/contextlib.py", line 158, in __exit__
    self.gen.throw(typ, value, traceback)
  File "/Users/ritesh/Documents/R.A.A.H-Hackathon-/backend/venv311/lib/python3.11/site-packages/celery/backends/redis.py", line 130, in reconnect_on_error
    self._ensure(self._reconnect_pubsub, ())
  File "/Users/ritesh/Documents/R.A.A.H-Hackathon-/backend/venv311/lib/python3.11/site-packages/celery/backends/redis.py", line 384, in ensure
    return retry_over_time(
           ^^^^^^^^^^^^^^^^
  File "/Users/ritesh/Documents/R.A.A.H-Hackathon-/backend/venv311/lib/python3.11/site-packages/kombu/utils/functional.py", line 318, in retry_over_time
    return fun(*args, **kwargs)
           ^^^^^^^^^^^^^^^^^^^^
  File "/Users/ritesh/Documents/R.A.A.H-Hackathon-/backend/venv311/lib/python3.11/site-packages/celery/backends/redis.py", line 106, in _reconnect_pubsub
    metas = self.backend.client.mget(self.subscribed_to)
            ^^^^^^^^^^^^^^^^^^^^^^^^^^^^^^^^^^^^^^^^^^^^
  File "/Users/ritesh/Documents/R.A.A.H-Hackathon-/backend/venv311/lib/python3.11/site-packages/redis/commands/core.py", line 2009, in mget
    return self.execute_command("MGET", *args, **options)
           ^^^^^^^^^^^^^^^^^^^^^^^^^^^^^^^^^^^^^^^^^^^^^^
  File "/Users/ritesh/Documents/R.A.A.H-Hackathon-/backend/venv311/lib/python3.11/site-packages/redis/client.py", line 559, in execute_command
    return self._execute_command(*args, **options)
           ^^^^^^^^^^^^^^^^^^^^^^^^^^^^^^^^^^^^^^^
  File "/Users/ritesh/Documents/R.A.A.H-Hackathon-/backend/venv311/lib/python3.11/site-packages/redis/client.py", line 565, in _execute_command
    conn = self.connection or pool.get_connection(command_name, **options)
                              ^^^^^^^^^^^^^^^^^^^^^^^^^^^^^^^^^^^^^^^^^^^^
  File "/Users/ritesh/Documents/R.A.A.H-Hackathon-/backend/venv311/lib/python3.11/site-packages/redis/connection.py", line 1422, in get_connection
    connection.connect()
  File "/Users/ritesh/Documents/R.A.A.H-Hackathon-/backend/venv311/lib/python3.11/site-packages/redis/connection.py", line 363, in connect
    raise ConnectionError(self._error_message(e))
redis.exceptions.ConnectionError: Error 61 connecting to localhost:6379. Connection refused.

The above exception was the direct cause of the following exception:

Traceback (most recent call last):
  File "/Users/ritesh/Documents/R.A.A.H-Hackathon-/backend/venv311/lib/python3.11/site-packages/starlette/middleware/errors.py", line 165, in __call__
    await self.app(scope, receive, _send)
  File "/Users/ritesh/Documents/R.A.A.H-Hackathon-/backend/venv311/lib/python3.11/site-packages/starlette/middleware/cors.py", line 85, in __call__
    await self.app(scope, receive, send)
  File "/Users/ritesh/Documents/R.A.A.H-Hackathon-/backend/venv311/lib/python3.11/site-packages/starlette/middleware/exceptions.py", line 62, in __call__
    await wrap_app_handling_exceptions(self.app, conn)(scope, receive, send)
  File "/Users/ritesh/Documents/R.A.A.H-Hackathon-/backend/venv311/lib/python3.11/site-packages/starlette/_exception_handler.py", line 53, in wrapped_app
    raise exc
  File "/Users/ritesh/Documents/R.A.A.H-Hackathon-/backend/venv311/lib/python3.11/site-packages/starlette/_exception_handler.py", line 42, in wrapped_app
    await app(scope, receive, sender)
  File "/Users/ritesh/Documents/R.A.A.H-Hackathon-/backend/venv311/lib/python3.11/site-packages/starlette/routing.py", line 715, in __call__
    await self.middleware_stack(scope, receive, send)
  File "/Users/ritesh/Documents/R.A.A.H-Hackathon-/backend/venv311/lib/python3.11/site-packages/starlette/routing.py", line 735, in app
    await route.handle(scope, receive, send)
  File "/Users/ritesh/Documents/R.A.A.H-Hackathon-/backend/venv311/lib/python3.11/site-packages/starlette/routing.py", line 288, in handle
    await self.app(scope, receive, send)
  File "/Users/ritesh/Documents/R.A.A.H-Hackathon-/backend/venv311/lib/python3.11/site-packages/starlette/routing.py", line 76, in app
    await wrap_app_handling_exceptions(app, request)(scope, receive, send)
  File "/Users/ritesh/Documents/R.A.A.H-Hackathon-/backend/venv311/lib/python3.11/site-packages/starlette/_exception_handler.py", line 53, in wrapped_app
    raise exc
  File "/Users/ritesh/Documents/R.A.A.H-Hackathon-/backend/venv311/lib/python3.11/site-packages/starlette/_exception_handler.py", line 42, in wrapped_app
    await app(scope, receive, sender)
  File "/Users/ritesh/Documents/R.A.A.H-Hackathon-/backend/venv311/lib/python3.11/site-packages/starlette/routing.py", line 73, in app
    response = await f(request)
               ^^^^^^^^^^^^^^^^
  File "/Users/ritesh/Documents/R.A.A.H-Hackathon-/backend/venv311/lib/python3.11/site-packages/fastapi/routing.py", line 301, in app
    raw_response = await run_endpoint_function(
                   ^^^^^^^^^^^^^^^^^^^^^^^^^^^^
  File "/Users/ritesh/Documents/R.A.A.H-Hackathon-/backend/venv311/lib/python3.11/site-packages/fastapi/routing.py", line 212, in run_endpoint_function
    return await dependant.call(**values)
           ^^^^^^^^^^^^^^^^^^^^^^^^^^^^^^
  File "/Users/ritesh/Documents/R.A.A.H-Hackathon-/backend/citizen_service/router.py", line 289, in trigger_mapillary_scan
    task = scan_mapillary_area.delay(latitude, longitude, radius, user_id)
           ^^^^^^^^^^^^^^^^^^^^^^^^^^^^^^^^^^^^^^^^^^^^^^^^^^^^^^^^^^^^^^^
  File "/Users/ritesh/Documents/R.A.A.H-Hackathon-/backend/venv311/lib/python3.11/site-packages/celery/app/task.py", line 444, in delay
    return self.apply_async(args, kwargs)
           ^^^^^^^^^^^^^^^^^^^^^^^^^^^^^^
  File "/Users/ritesh/Documents/R.A.A.H-Hackathon-/backend/venv311/lib/python3.11/site-packages/celery/app/task.py", line 594, in apply_async
    return app.send_task(
           ^^^^^^^^^^^^^^
  File "/Users/ritesh/Documents/R.A.A.H-Hackathon-/backend/venv311/lib/python3.11/site-packages/celery/app/base.py", line 798, in send_task
    with P.connection._reraise_as_library_errors():
  File "/opt/homebrew/Cellar/python@3.11/3.11.15/Frameworks/Python.framework/Versions/3.11/lib/python3.11/contextlib.py", line 158, in __exit__
    self.gen.throw(typ, value, traceback)
  File "/Users/ritesh/Documents/R.A.A.H-Hackathon-/backend/venv311/lib/python3.11/site-packages/kombu/connection.py", line 478, in _reraise_as_library_errors
    raise ConnectionError(str(exc)) from exc
kombu.exceptions.OperationalError: Error 61 connecting to localhost:6379. Connection refused.
